<?xml version="1.0" encoding="UTF-8"?>
<!-- Generated by org.testng.reporters.JUnitReportReporter -->
<testsuite skipped="0" hostname="M2005" name="MainStoreTests" tests="4" failures="0" timestamp="2022-12-27T17:01:46 PST" time="23.405" errors="0">
  <testcase name="TestCategoriesDisplayed" time="0.122" classname="MainStoreTests"/>
  <system-out/>
  <testcase name="TestProductDisplay" time="5.658" classname="MainStoreTests"/>
  <system-out/>
  <testcase name="TestShoppingBrowserAlert" time="7.548" classname="MainStoreTests"/>
  <system-out/>
  <testcase name="TestShoppingCartContent" time="10.077" classname="MainStoreTests"/>
  <system-out/>
</testsuite> <!-- MainStoreTests -->
